<?xml version="1.0" encoding="UTF-8"?>
<testng-results skipped="0" failed="0" total="1" passed="1">
  <reporter-output>
  </reporter-output>
  <suite name="Surefire suite" duration-ms="3187" started-at="2016-04-25T18:19:03Z" finished-at="2016-04-25T18:19:06Z">
    <groups>
    </groups>
    <test name="Surefire test" duration-ms="3187" started-at="2016-04-25T18:19:03Z" finished-at="2016-04-25T18:19:06Z">
      <class name="com.tongjijinfeng.TongjijinfengApplicationTests">
        <test-method status="PASS" signature="contextLoads()[pri:0, instance:contextLoads(com.tongjijinfeng.TongjijinfengApplicationTests)]" name="contextLoads" duration-ms="6" started-at="2016-04-26T02:19:06Z" finished-at="2016-04-26T02:19:06Z">
          <reporter-output>
          </reporter-output>
        </test-method> <!-- contextLoads -->
      </class> <!-- com.tongjijinfeng.TongjijinfengApplicationTests -->
    </test> <!-- Surefire test -->
  </suite> <!-- Surefire suite -->
</testng-results>
